# JRE version: OpenJDK Runtime Environment (17.0.6) (build 17.0.6+0-b2043.56-10027231)
# Java VM: OpenJDK 64-Bit Server VM (17.0.6+0-b2043.56-10027231, mixed mode, tiered, compressed oops, compressed class ptrs, g1 gc, windows-amd64)
GC Precious Log:
 CPUs: 12 total, 12 available
 Memory: 16145M
 Large Page Support: Disabled
 NUMA Support: Disabled
 Compressed Oops: Enabled (32-bit)
 Heap Region Size: 1M
 Heap Min Capacity: 8M
 Heap Initial Capacity: 254M
 Heap Max Capacity: 2G
 Pre-touch: Disabled
 Parallel Workers: 10
 Concurrent Workers: 3
 Concurrent Refinement Workers: 10
 Periodic GC: Disabled
Heap:
 garbage-first heap   total 317440K, used 139994K [0x0000000080000000, 0x0000000100000000)
  region size 1024K, 4 young (4096K), 4 survivors (4096K)
 Metaspace       used 153695K, committed 154880K, reserved 1187840K
  class space    used 20330K, committed 20864K, reserved 1048576K
GC Heap History (20 events):
Event: 8135.321 GC heap after
{Heap after GC invocations=75 (full 1):
 garbage-first heap   total 317440K, used 110609K [0x0000000080000000, 0x0000000100000000)
  region size 1024K, 2 young (2048K), 2 survivors (2048K)
 Metaspace       used 151086K, committed 152256K, reserved 1187840K
  class space    used 20022K, committed 20544K, reserved 1048576K
}
Event: 8135.435 GC heap before
{Heap before GC invocations=75 (full 1):
 garbage-first heap   total 317440K, used 128017K [0x0000000080000000, 0x0000000100000000)
  region size 1024K, 20 young (20480K), 2 survivors (2048K)
 Metaspace       used 151147K, committed 152256K, reserved 1187840K
  class space    used 20027K, committed 20544K, reserved 1048576K
}
Event: 8135.437 GC heap after
{Heap after GC invocations=76 (full 1):
 garbage-first heap   total 317440K, used 110985K [0x0000000080000000, 0x0000000100000000)
  region size 1024K, 2 young (2048K), 2 survivors (2048K)
 Metaspace       used 151147K, committed 152256K, reserved 1187840K
  class space    used 20027K, committed 20544K, reserved 1048576K
}
Event: 8219.831 GC heap before
{Heap before GC invocations=77 (full 1):
 garbage-first heap   total 317440K, used 272777K [0x0000000080000000, 0x0000000100000000)
  region size 1024K, 127 young (130048K), 2 survivors (2048K)
 Metaspace       used 151713K, committed 152640K, reserved 1187840K
  class space    used 20098K, committed 20544K, reserved 1048576K
}
Event: 8219.840 GC heap after
{Heap after GC invocations=78 (full 1):
 garbage-first heap   total 317440K, used 119673K [0x0000000080000000, 0x0000000100000000)
  region size 1024K, 11 young (11264K), 11 survivors (11264K)
 Metaspace       used 151713K, committed 152640K, reserved 1187840K
  class space    used 20098K, committed 20544K, reserved 1048576K
}
Event: 8219.862 GC heap before
{Heap before GC invocations=78 (full 1):
 garbage-first heap   total 317440K, used 122745K [0x0000000080000000, 0x0000000100000000)
  region size 1024K, 15 young (15360K), 11 survivors (11264K)
 Metaspace       used 151721K, committed 152704K, reserved 1187840K
  class space    used 20098K, committed 20544K, reserved 1048576K
}
Event: 8219.868 GC heap after
{Heap after GC invocations=79 (full 1):
 garbage-first heap   total 317440K, used 119777K [0x0000000080000000, 0x0000000100000000)
  region size 1024K, 2 young (2048K), 2 survivors (2048K)
 Metaspace       used 151721K, committed 152704K, reserved 1187840K
  class space    used 20098K, committed 20544K, reserved 1048576K
}
Event: 8220.884 GC heap before
{Heap before GC invocations=79 (full 1):
 garbage-first heap   total 317440K, used 193505K [0x0000000080000000, 0x0000000100000000)
  region size 1024K, 76 young (77824K), 2 survivors (2048K)
 Metaspace       used 151817K, committed 152768K, reserved 1187840K
  class space    used 20103K, committed 20544K, reserved 1048576K
}
Event: 8220.888 GC heap after
{Heap after GC invocations=80 (full 1):
 garbage-first heap   total 317440K, used 123880K [0x0000000080000000, 0x0000000100000000)
  region size 1024K, 6 young (6144K), 6 survivors (6144K)
 Metaspace       used 151817K, committed 152768K, reserved 1187840K
  class space    used 20103K, committed 20544K, reserved 1048576K
}
Event: 10254.050 GC heap before
{Heap before GC invocations=81 (full 1):
 garbage-first heap   total 317440K, used 263144K [0x0000000080000000, 0x0000000100000000)
  region size 1024K, 126 young (129024K), 6 survivors (6144K)
 Metaspace       used 152151K, committed 153152K, reserved 1187840K
  class space    used 20145K, committed 20608K, reserved 1048576K
}
Event: 10254.067 GC heap after
{Heap after GC invocations=82 (full 1):
 garbage-first heap   total 317440K, used 138470K [0x0000000080000000, 0x0000000100000000)
  region size 1024K, 16 young (16384K), 16 survivors (16384K)
 Metaspace       used 152151K, committed 153152K, reserved 1187840K
  class space    used 20145K, committed 20608K, reserved 1048576K
}
Event: 10254.075 GC heap before
{Heap before GC invocations=82 (full 1):
 garbage-first heap   total 317440K, used 139494K [0x0000000080000000, 0x0000000100000000)
  region size 1024K, 17 young (17408K), 16 survivors (16384K)
 Metaspace       used 152153K, committed 153152K, reserved 1187840K
  class space    used 20145K, committed 20608K, reserved 1048576K
}
Event: 10254.084 GC heap after
{Heap after GC invocations=83 (full 1):
 garbage-first heap   total 317440K, used 137243K [0x0000000080000000, 0x0000000100000000)
  region size 1024K, 3 young (3072K), 3 survivors (3072K)
 Metaspace       used 152153K, committed 153152K, reserved 1187840K
  class space    used 20145K, committed 20608K, reserved 1048576K
}
Event: 10254.232 GC heap before
{Heap before GC invocations=83 (full 1):
 garbage-first heap   total 317440K, used 159771K [0x0000000080000000, 0x0000000100000000)
  region size 1024K, 27 young (27648K), 3 survivors (3072K)
 Metaspace       used 152171K, committed 153152K, reserved 1187840K
  class space    used 20145K, committed 20608K, reserved 1048576K
}
Event: 10254.237 GC heap after
{Heap after GC invocations=84 (full 1):
 garbage-first heap   total 317440K, used 146736K [0x0000000080000000, 0x0000000100000000)
  region size 1024K, 12 young (12288K), 12 survivors (12288K)
 Metaspace       used 152171K, committed 153152K, reserved 1187840K
  class space    used 20145K, committed 20608K, reserved 1048576K
}
Event: 10255.554 GC heap before
{Heap before GC invocations=85 (full 1):
 garbage-first heap   total 317440K, used 226608K [0x0000000080000000, 0x0000000100000000)
  region size 1024K, 75 young (76800K), 12 survivors (12288K)
 Metaspace       used 152431K, committed 153536K, reserved 1187840K
  class space    used 20178K, committed 20672K, reserved 1048576K
}
Event: 10255.562 GC heap after
{Heap after GC invocations=86 (full 1):
 garbage-first heap   total 317440K, used 147359K [0x0000000080000000, 0x0000000100000000)
  region size 1024K, 8 young (8192K), 8 survivors (8192K)
 Metaspace       used 152431K, committed 153536K, reserved 1187840K
  class space    used 20178K, committed 20672K, reserved 1048576K
}
Event: 10255.573 GC heap before
{Heap before GC invocations=86 (full 1):
 garbage-first heap   total 317440K, used 154527K [0x0000000080000000, 0x0000000100000000)
  region size 1024K, 15 young (15360K), 8 survivors (8192K)
 Metaspace       used 152431K, committed 153536K, reserved 1187840K
  class space    used 20178K, committed 20672K, reserved 1048576K
}
Event: 10255.578 GC heap after
{Heap after GC invocations=87 (full 1):
 garbage-first heap   total 317440K, used 137965K [0x0000000080000000, 0x0000000100000000)
  region size 1024K, 2 young (2048K), 2 survivors (2048K)
 Metaspace       used 152431K, committed 153536K, reserved 1187840K
  class space    used 20178K, committed 20672K, reserved 1048576K
}
Event: 10267.602 GC heap before
{Heap before GC invocations=87 (full 1):
 garbage-first heap   total 317440K, used 213741K [0x0000000080000000, 0x0000000100000000)
  region size 1024K, 77 young (78848K), 2 survivors (2048K)
 Metaspace       used 153695K, committed 154880K, reserved 1187840K
  class space    used 20330K, committed 20864K, reserved 1048576K
}

