# JRE version: OpenJDK Runtime Environment (17.0.6) (build 17.0.6+0-b2043.56-10027231)
# Java VM: OpenJDK 64-Bit Server VM (17.0.6+0-b2043.56-10027231, mixed mode, tiered, compressed oops, compressed class ptrs, g1 gc, windows-amd64)
GC Precious Log:
 CPUs: 12 total, 12 available
 Memory: 16145M
 Large Page Support: Disabled
 NUMA Support: Disabled
 Compressed Oops: Enabled (32-bit)
 Heap Region Size: 1M
 Heap Min Capacity: 8M
 Heap Initial Capacity: 254M
 Heap Max Capacity: 2G
 Pre-touch: Disabled
 Parallel Workers: 10
 Concurrent Workers: 3
 Concurrent Refinement Workers: 10
 Periodic GC: Disabled
Heap:
 garbage-first heap   total 368640K, used 304715K [0x0000000080000000, 0x0000000100000000)
  region size 1024K, 108 young (110592K), 9 survivors (9216K)
 Metaspace       used 128094K, committed 129088K, reserved 1163264K
  class space    used 16654K, committed 17152K, reserved 1048576K
GC Heap History (20 events):
Event: 16.113 GC heap before
{Heap before GC invocations=67 (full 0):
 garbage-first heap   total 290816K, used 256993K [0x0000000080000000, 0x0000000100000000)
  region size 1024K, 71 young (72704K), 1 survivors (1024K)
 Metaspace       used 95224K, committed 96000K, reserved 1138688K
  class space    used 12851K, committed 13248K, reserved 1048576K
}
Event: 16.119 GC heap after
{Heap after GC invocations=68 (full 0):
 garbage-first heap   total 290816K, used 179010K [0x0000000080000000, 0x0000000100000000)
  region size 1024K, 9 young (9216K), 9 survivors (9216K)
 Metaspace       used 95224K, committed 96000K, reserved 1138688K
  class space    used 12851K, committed 13248K, reserved 1048576K
}
Event: 17.147 GC heap before
{Heap before GC invocations=69 (full 0):
 garbage-first heap   total 307200K, used 240450K [0x0000000080000000, 0x0000000100000000)
  region size 1024K, 69 young (70656K), 9 survivors (9216K)
 Metaspace       used 104195K, committed 104960K, reserved 1146880K
  class space    used 14009K, committed 14400K, reserved 1048576K
}
Event: 17.154 GC heap after
{Heap after GC invocations=70 (full 0):
 garbage-first heap   total 307200K, used 183832K [0x0000000080000000, 0x0000000100000000)
  region size 1024K, 5 young (5120K), 5 survivors (5120K)
 Metaspace       used 104195K, committed 104960K, reserved 1146880K
  class space    used 14009K, committed 14400K, reserved 1048576K
}
Event: 17.278 GC heap before
{Heap before GC invocations=70 (full 0):
 garbage-first heap   total 307200K, used 194072K [0x0000000080000000, 0x0000000100000000)
  region size 1024K, 15 young (15360K), 5 survivors (5120K)
 Metaspace       used 105850K, committed 106688K, reserved 1146880K
  class space    used 14181K, committed 14592K, reserved 1048576K
}
Event: 17.282 GC heap after
{Heap after GC invocations=71 (full 0):
 garbage-first heap   total 307200K, used 184962K [0x0000000080000000, 0x0000000100000000)
  region size 1024K, 2 young (2048K), 2 survivors (2048K)
 Metaspace       used 105850K, committed 106688K, reserved 1146880K
  class space    used 14181K, committed 14592K, reserved 1048576K
}
Event: 18.947 GC heap before
{Heap before GC invocations=71 (full 0):
 garbage-first heap   total 307200K, used 254594K [0x0000000080000000, 0x0000000100000000)
  region size 1024K, 71 young (72704K), 2 survivors (2048K)
 Metaspace       used 107324K, committed 108160K, reserved 1146880K
  class space    used 14362K, committed 14784K, reserved 1048576K
}
Event: 18.952 GC heap after
{Heap after GC invocations=72 (full 0):
 garbage-first heap   total 368640K, used 188182K [0x0000000080000000, 0x0000000100000000)
  region size 1024K, 5 young (5120K), 5 survivors (5120K)
 Metaspace       used 107324K, committed 108160K, reserved 1146880K
  class space    used 14362K, committed 14784K, reserved 1048576K
}
Event: 23.124 GC heap before
{Heap before GC invocations=72 (full 0):
 garbage-first heap   total 368640K, used 304918K [0x0000000080000000, 0x0000000100000000)
  region size 1024K, 120 young (122880K), 5 survivors (5120K)
 Metaspace       used 115989K, committed 116864K, reserved 1155072K
  class space    used 15341K, committed 15744K, reserved 1048576K
}
Event: 23.133 GC heap after
{Heap after GC invocations=73 (full 0):
 garbage-first heap   total 368640K, used 196466K [0x0000000080000000, 0x0000000100000000)
  region size 1024K, 13 young (13312K), 13 survivors (13312K)
 Metaspace       used 115989K, committed 116864K, reserved 1155072K
  class space    used 15341K, committed 15744K, reserved 1048576K
}
Event: 24.426 GC heap before
{Heap before GC invocations=73 (full 0):
 garbage-first heap   total 368640K, used 297842K [0x0000000080000000, 0x0000000100000000)
  region size 1024K, 113 young (115712K), 13 survivors (13312K)
 Metaspace       used 116081K, committed 116928K, reserved 1155072K
  class space    used 15346K, committed 15744K, reserved 1048576K
}
Event: 24.433 GC heap after
{Heap after GC invocations=74 (full 0):
 garbage-first heap   total 368640K, used 197704K [0x0000000080000000, 0x0000000100000000)
  region size 1024K, 2 young (2048K), 2 survivors (2048K)
 Metaspace       used 116081K, committed 116928K, reserved 1155072K
  class space    used 15346K, committed 15744K, reserved 1048576K
}
Event: 25.491 GC heap before
{Heap before GC invocations=74 (full 0):
 garbage-first heap   total 368640K, used 306248K [0x0000000080000000, 0x0000000100000000)
  region size 1024K, 109 young (111616K), 2 survivors (2048K)
 Metaspace       used 116267K, committed 117120K, reserved 1155072K
  class space    used 15351K, committed 15744K, reserved 1048576K
}
Event: 25.494 GC heap after
{Heap after GC invocations=75 (full 0):
 garbage-first heap   total 368640K, used 197854K [0x0000000080000000, 0x0000000100000000)
  region size 1024K, 3 young (3072K), 3 survivors (3072K)
 Metaspace       used 116267K, committed 117120K, reserved 1155072K
  class space    used 15351K, committed 15744K, reserved 1048576K
}
Event: 26.057 GC heap before
{Heap before GC invocations=75 (full 0):
 garbage-first heap   total 368640K, used 311518K [0x0000000080000000, 0x0000000100000000)
  region size 1024K, 115 young (117760K), 3 survivors (3072K)
 Metaspace       used 118769K, committed 119680K, reserved 1155072K
  class space    used 15647K, committed 16064K, reserved 1048576K
}
Event: 26.064 GC heap after
{Heap after GC invocations=76 (full 0):
 garbage-first heap   total 368640K, used 204014K [0x0000000080000000, 0x0000000100000000)
  region size 1024K, 9 young (9216K), 9 survivors (9216K)
 Metaspace       used 118769K, committed 119680K, reserved 1155072K
  class space    used 15647K, committed 16064K, reserved 1048576K
}
Event: 26.378 GC heap before
{Heap before GC invocations=76 (full 0):
 garbage-first heap   total 368640K, used 310510K [0x0000000080000000, 0x0000000100000000)
  region size 1024K, 114 young (116736K), 9 survivors (9216K)
 Metaspace       used 119658K, committed 120448K, reserved 1155072K
  class space    used 15753K, committed 16128K, reserved 1048576K
}
Event: 26.382 GC heap after
{Heap after GC invocations=77 (full 0):
 garbage-first heap   total 368640K, used 202551K [0x0000000080000000, 0x0000000100000000)
  region size 1024K, 7 young (7168K), 7 survivors (7168K)
 Metaspace       used 119658K, committed 120448K, reserved 1155072K
  class space    used 15753K, committed 16128K, reserved 1048576K
}
Event: 27.446 GC heap before
{Heap before GC invocations=77 (full 0):
 garbage-first heap   total 368640K, used 313143K [0x0000000080000000, 0x0000000100000000)
  region size 1024K, 116 young (118784K), 7 survivors (7168K)
 Metaspace       used 121426K, committed 122240K, reserved 1155072K
  class space    used 15965K, committed 16320K, reserved 1048576K
}
Event: 27.451 GC heap after
{Heap after GC invocations=78 (full 0):
 garbage-first heap   total 368640K, used 205387K [0x0000000080000000, 0x0000000100000000)
  region size 1024K, 9 young (9216K), 9 survivors (9216K)
 Metaspace       used 121426K, committed 122240K, reserved 1155072K
  class space    used 15965K, committed 16320K, reserved 1048576K
}

